Determining if the pthread_create exist failed with the following output:
Change Dir: /home/zhjd/catkin_ws/src/interface_sim/build/CMakeFiles/CMakeTmp

Run Build Command:"/usr/bin/make" "cmTC_b8a13/fast"
/usr/bin/make -f CMakeFiles/cmTC_b8a13.dir/build.make CMakeFiles/cmTC_b8a13.dir/build
make[1]: Entering directory '/home/zhjd/catkin_ws/src/interface_sim/build/CMakeFiles/CMakeTmp'
Building C object CMakeFiles/cmTC_b8a13.dir/CheckSymbolExists.c.o
/usr/bin/x86_64-linux-gnu-gcc-7    -o CMakeFiles/cmTC_b8a13.dir/CheckSymbolExists.c.o   -c /home/zhjd/catkin_ws/src/interface_sim/build/CMakeFiles/CMakeTmp/CheckSymbolExists.c
Linking C executable cmTC_b8a13
/usr/bin/cmake -E cmake_link_script CMakeFiles/cmTC_b8a13.dir/link.txt --verbose=1
/usr/bin/x86_64-linux-gnu-gcc-7      -rdynamic CMakeFiles/cmTC_b8a13.dir/CheckSymbolExists.c.o  -o cmTC_b8a13 
CMakeFiles/cmTC_b8a13.dir/CheckSymbolExists.c.o: In function `main':
CheckSymbolExists.c:(.text+0x1b): undefined reference to `pthread_create'
collect2: error: ld returned 1 exit status
CMakeFiles/cmTC_b8a13.dir/build.make:97: recipe for target 'cmTC_b8a13' failed
make[1]: *** [cmTC_b8a13] Error 1
make[1]: Leaving directory '/home/zhjd/catkin_ws/src/interface_sim/build/CMakeFiles/CMakeTmp'
Makefile:126: recipe for target 'cmTC_b8a13/fast' failed
make: *** [cmTC_b8a13/fast] Error 2

File /home/zhjd/catkin_ws/src/interface_sim/build/CMakeFiles/CMakeTmp/CheckSymbolExists.c:
/* */
#include <pthread.h>

int main(int argc, char** argv)
{
  (void)argv;
#ifndef pthread_create
  return ((int*)(&pthread_create))[argc];
#else
  (void)argc;
  return 0;
#endif
}

Determining if the function pthread_create exists in the pthreads failed with the following output:
Change Dir: /home/zhjd/catkin_ws/src/interface_sim/build/CMakeFiles/CMakeTmp

Run Build Command:"/usr/bin/make" "cmTC_90553/fast"
/usr/bin/make -f CMakeFiles/cmTC_90553.dir/build.make CMakeFiles/cmTC_90553.dir/build
make[1]: Entering directory '/home/zhjd/catkin_ws/src/interface_sim/build/CMakeFiles/CMakeTmp'
Building C object CMakeFiles/cmTC_90553.dir/CheckFunctionExists.c.o
/usr/bin/x86_64-linux-gnu-gcc-7   -DCHECK_FUNCTION_EXISTS=pthread_create   -o CMakeFiles/cmTC_90553.dir/CheckFunctionExists.c.o   -c /usr/share/cmake-3.10/Modules/CheckFunctionExists.c
Linking C executable cmTC_90553
/usr/bin/cmake -E cmake_link_script CMakeFiles/cmTC_90553.dir/link.txt --verbose=1
/usr/bin/x86_64-linux-gnu-gcc-7  -DCHECK_FUNCTION_EXISTS=pthread_create    -rdynamic CMakeFiles/cmTC_90553.dir/CheckFunctionExists.c.o  -o cmTC_90553 -lpthreads 
/usr/bin/ld: cannot find -lpthreads
collect2: error: ld returned 1 exit status
CMakeFiles/cmTC_90553.dir/build.make:97: recipe for target 'cmTC_90553' failed
make[1]: *** [cmTC_90553] Error 1
make[1]: Leaving directory '/home/zhjd/catkin_ws/src/interface_sim/build/CMakeFiles/CMakeTmp'
Makefile:126: recipe for target 'cmTC_90553/fast' failed
make: *** [cmTC_90553/fast] Error 2


Performing C SOURCE FILE Test CMAKE_HAVE_LIBC_PTHREAD failed with the following output:
Change Dir: /home/zhjd/catkin_ws/src/interface_sim/build/CMakeFiles/CMakeTmp

Run Build Command(s):/usr/bin/ninja cmTC_cf559 && [1/2] Building C object CMakeFiles/cmTC_cf559.dir/src.c.o
[2/2] Linking C executable cmTC_cf559
FAILED: : && /usr/bin/x86_64-linux-gnu-gcc-5  -rdynamic CMakeFiles/cmTC_cf559.dir/src.c.o -o cmTC_cf559   && :
CMakeFiles/cmTC_cf559.dir/src.c.o: In function `main':
src.c:(.text+0x3c): undefined reference to `pthread_create'
src.c:(.text+0x48): undefined reference to `pthread_detach'
src.c:(.text+0x54): undefined reference to `pthread_cancel'
src.c:(.text+0x65): undefined reference to `pthread_join'
src.c:(.text+0x79): undefined reference to `pthread_atfork'
collect2: error: ld returned 1 exit status
ninja: build stopped: subcommand failed.


Source file was:
#include <pthread.h>

static void* test_func(void* data)
{
  return data;
}

int main(void)
{
  pthread_t thread;
  pthread_create(&thread, NULL, test_func, NULL);
  pthread_detach(thread);
  pthread_cancel(thread);
  pthread_join(thread, NULL);
  pthread_atfork(NULL, NULL, NULL);
  pthread_exit(NULL);

  return 0;
}

Determining if the function pthread_create exists in the pthreads failed with the following output:
Change Dir: /home/zhjd/catkin_ws/src/interface_sim/build/CMakeFiles/CMakeTmp

Run Build Command(s):/usr/bin/ninja cmTC_27c8d && [1/2] Building C object CMakeFiles/cmTC_27c8d.dir/CheckFunctionExists.c.o
[2/2] Linking C executable cmTC_27c8d
FAILED: : && /usr/bin/x86_64-linux-gnu-gcc-5 -DCHECK_FUNCTION_EXISTS=pthread_create -rdynamic CMakeFiles/cmTC_27c8d.dir/CheckFunctionExists.c.o -o cmTC_27c8d  -lpthreads && :
/usr/bin/ld: cannot find -lpthreads
collect2: error: ld returned 1 exit status
ninja: build stopped: subcommand failed.



