Determining if the pthread_create exist failed with the following output:
Change Dir: /home/zhjd/ws/src/social_system/social_msg/build/CMakeFiles/CMakeTmp

Run Build Command:"/usr/bin/make" "cmTC_14afa/fast"
/usr/bin/make -f CMakeFiles/cmTC_14afa.dir/build.make CMakeFiles/cmTC_14afa.dir/build
make[1]: Entering directory '/home/zhjd/ws/src/social_system/social_msg/build/CMakeFiles/CMakeTmp'
Building C object CMakeFiles/cmTC_14afa.dir/CheckSymbolExists.c.o
/usr/bin/x86_64-linux-gnu-gcc-5     -o CMakeFiles/cmTC_14afa.dir/CheckSymbolExists.c.o   -c /home/zhjd/ws/src/social_system/social_msg/build/CMakeFiles/CMakeTmp/CheckSymbolExists.c
Linking C executable cmTC_14afa
/usr/bin/cmake -E cmake_link_script CMakeFiles/cmTC_14afa.dir/link.txt --verbose=1
/usr/bin/x86_64-linux-gnu-gcc-5       CMakeFiles/cmTC_14afa.dir/CheckSymbolExists.c.o  -o cmTC_14afa -rdynamic 
CMakeFiles/cmTC_14afa.dir/CheckSymbolExists.c.o: In function `main':
CheckSymbolExists.c:(.text+0x16): undefined reference to `pthread_create'
collect2: error: ld returned 1 exit status
CMakeFiles/cmTC_14afa.dir/build.make:97: recipe for target 'cmTC_14afa' failed
make[1]: *** [cmTC_14afa] Error 1
make[1]: Leaving directory '/home/zhjd/ws/src/social_system/social_msg/build/CMakeFiles/CMakeTmp'
Makefile:126: recipe for target 'cmTC_14afa/fast' failed
make: *** [cmTC_14afa/fast] Error 2

File /home/zhjd/ws/src/social_system/social_msg/build/CMakeFiles/CMakeTmp/CheckSymbolExists.c:
/* */
#include <pthread.h>

int main(int argc, char** argv)
{
  (void)argv;
#ifndef pthread_create
  return ((int*)(&pthread_create))[argc];
#else
  (void)argc;
  return 0;
#endif
}

Determining if the function pthread_create exists in the pthreads failed with the following output:
Change Dir: /home/zhjd/ws/src/social_system/social_msg/build/CMakeFiles/CMakeTmp

Run Build Command:"/usr/bin/make" "cmTC_03238/fast"
/usr/bin/make -f CMakeFiles/cmTC_03238.dir/build.make CMakeFiles/cmTC_03238.dir/build
make[1]: Entering directory '/home/zhjd/ws/src/social_system/social_msg/build/CMakeFiles/CMakeTmp'
Building C object CMakeFiles/cmTC_03238.dir/CheckFunctionExists.c.o
/usr/bin/x86_64-linux-gnu-gcc-5    -DCHECK_FUNCTION_EXISTS=pthread_create   -o CMakeFiles/cmTC_03238.dir/CheckFunctionExists.c.o   -c /usr/share/cmake-3.5/Modules/CheckFunctionExists.c
Linking C executable cmTC_03238
/usr/bin/cmake -E cmake_link_script CMakeFiles/cmTC_03238.dir/link.txt --verbose=1
/usr/bin/x86_64-linux-gnu-gcc-5   -DCHECK_FUNCTION_EXISTS=pthread_create    CMakeFiles/cmTC_03238.dir/CheckFunctionExists.c.o  -o cmTC_03238 -rdynamic -lpthreads 
/usr/bin/ld: cannot find -lpthreads
collect2: error: ld returned 1 exit status
CMakeFiles/cmTC_03238.dir/build.make:97: recipe for target 'cmTC_03238' failed
make[1]: *** [cmTC_03238] Error 1
make[1]: Leaving directory '/home/zhjd/ws/src/social_system/social_msg/build/CMakeFiles/CMakeTmp'
Makefile:126: recipe for target 'cmTC_03238/fast' failed
make: *** [cmTC_03238/fast] Error 2


