Determining if the pthread_create exist failed with the following output:
Change Dir: /home/zhjd/social_ws/src/behavior_system_based_on_emotion_and_need/behavior_module/build/CMakeFiles/CMakeTmp

Run Build Command:"/usr/bin/make" "cmTC_8d7d3/fast"
/usr/bin/make -f CMakeFiles/cmTC_8d7d3.dir/build.make CMakeFiles/cmTC_8d7d3.dir/build
make[1]: Entering directory '/home/zhjd/social_ws/src/behavior_system_based_on_emotion_and_need/behavior_module/build/CMakeFiles/CMakeTmp'
Building C object CMakeFiles/cmTC_8d7d3.dir/CheckSymbolExists.c.o
/usr/bin/x86_64-linux-gnu-gcc-5     -o CMakeFiles/cmTC_8d7d3.dir/CheckSymbolExists.c.o   -c /home/zhjd/social_ws/src/behavior_system_based_on_emotion_and_need/behavior_module/build/CMakeFiles/CMakeTmp/CheckSymbolExists.c
Linking C executable cmTC_8d7d3
/usr/bin/cmake -E cmake_link_script CMakeFiles/cmTC_8d7d3.dir/link.txt --verbose=1
/usr/bin/x86_64-linux-gnu-gcc-5       CMakeFiles/cmTC_8d7d3.dir/CheckSymbolExists.c.o  -o cmTC_8d7d3 -rdynamic 
CMakeFiles/cmTC_8d7d3.dir/CheckSymbolExists.c.o: In function `main':
CheckSymbolExists.c:(.text+0x16): undefined reference to `pthread_create'
collect2: error: ld returned 1 exit status
CMakeFiles/cmTC_8d7d3.dir/build.make:97: recipe for target 'cmTC_8d7d3' failed
make[1]: *** [cmTC_8d7d3] Error 1
make[1]: Leaving directory '/home/zhjd/social_ws/src/behavior_system_based_on_emotion_and_need/behavior_module/build/CMakeFiles/CMakeTmp'
Makefile:126: recipe for target 'cmTC_8d7d3/fast' failed
make: *** [cmTC_8d7d3/fast] Error 2

File /home/zhjd/social_ws/src/behavior_system_based_on_emotion_and_need/behavior_module/build/CMakeFiles/CMakeTmp/CheckSymbolExists.c:
/* */
#include <pthread.h>

int main(int argc, char** argv)
{
  (void)argv;
#ifndef pthread_create
  return ((int*)(&pthread_create))[argc];
#else
  (void)argc;
  return 0;
#endif
}

Determining if the function pthread_create exists in the pthreads failed with the following output:
Change Dir: /home/zhjd/social_ws/src/behavior_system_based_on_emotion_and_need/behavior_module/build/CMakeFiles/CMakeTmp

Run Build Command:"/usr/bin/make" "cmTC_00f37/fast"
/usr/bin/make -f CMakeFiles/cmTC_00f37.dir/build.make CMakeFiles/cmTC_00f37.dir/build
make[1]: Entering directory '/home/zhjd/social_ws/src/behavior_system_based_on_emotion_and_need/behavior_module/build/CMakeFiles/CMakeTmp'
Building C object CMakeFiles/cmTC_00f37.dir/CheckFunctionExists.c.o
/usr/bin/x86_64-linux-gnu-gcc-5    -DCHECK_FUNCTION_EXISTS=pthread_create   -o CMakeFiles/cmTC_00f37.dir/CheckFunctionExists.c.o   -c /usr/share/cmake-3.5/Modules/CheckFunctionExists.c
Linking C executable cmTC_00f37
/usr/bin/cmake -E cmake_link_script CMakeFiles/cmTC_00f37.dir/link.txt --verbose=1
/usr/bin/x86_64-linux-gnu-gcc-5   -DCHECK_FUNCTION_EXISTS=pthread_create    CMakeFiles/cmTC_00f37.dir/CheckFunctionExists.c.o  -o cmTC_00f37 -rdynamic -lpthreads 
/usr/bin/ld: cannot find -lpthreads
collect2: error: ld returned 1 exit status
CMakeFiles/cmTC_00f37.dir/build.make:97: recipe for target 'cmTC_00f37' failed
make[1]: *** [cmTC_00f37] Error 1
make[1]: Leaving directory '/home/zhjd/social_ws/src/behavior_system_based_on_emotion_and_need/behavior_module/build/CMakeFiles/CMakeTmp'
Makefile:126: recipe for target 'cmTC_00f37/fast' failed
make: *** [cmTC_00f37/fast] Error 2


