Performing C SOURCE FILE Test CMAKE_HAVE_LIBC_PTHREAD failed with the following output:
Change Dir: /home/zhjd/ws/src/social_system/need_module/cmake-build-debug/CMakeFiles/CMakeTmp

Run Build Command(s):/usr/bin/make -f Makefile cmTC_2b021/fast && /usr/bin/make  -f CMakeFiles/cmTC_2b021.dir/build.make CMakeFiles/cmTC_2b021.dir/build
make[1]: Entering directory '/home/zhjd/ws/src/social_system/need_module/cmake-build-debug/CMakeFiles/CMakeTmp'
Building C object CMakeFiles/cmTC_2b021.dir/src.c.o
/usr/bin/cc -DCMAKE_HAVE_LIBC_PTHREAD   -o CMakeFiles/cmTC_2b021.dir/src.c.o -c /home/zhjd/ws/src/social_system/need_module/cmake-build-debug/CMakeFiles/CMakeTmp/src.c
Linking C executable cmTC_2b021
/media/zhjd/disk/Downloads/clion/clion-2021.2.3/bin/cmake/linux/bin/cmake -E cmake_link_script CMakeFiles/cmTC_2b021.dir/link.txt --verbose=1
/usr/bin/cc -rdynamic CMakeFiles/cmTC_2b021.dir/src.c.o -o cmTC_2b021 
CMakeFiles/cmTC_2b021.dir/src.c.o: In function `main':
src.c:(.text+0x3c): undefined reference to `pthread_create'
src.c:(.text+0x48): undefined reference to `pthread_detach'
src.c:(.text+0x54): undefined reference to `pthread_cancel'
src.c:(.text+0x65): undefined reference to `pthread_join'
src.c:(.text+0x79): undefined reference to `pthread_atfork'
collect2: error: ld returned 1 exit status
CMakeFiles/cmTC_2b021.dir/build.make:98: recipe for target 'cmTC_2b021' failed
make[1]: *** [cmTC_2b021] Error 1
make[1]: Leaving directory '/home/zhjd/ws/src/social_system/need_module/cmake-build-debug/CMakeFiles/CMakeTmp'
Makefile:127: recipe for target 'cmTC_2b021/fast' failed
make: *** [cmTC_2b021/fast] Error 2


Source file was:
#include <pthread.h>

static void* test_func(void* data)
{
  return data;
}

int main(void)
{
  pthread_t thread;
  pthread_create(&thread, NULL, test_func, NULL);
  pthread_detach(thread);
  pthread_cancel(thread);
  pthread_join(thread, NULL);
  pthread_atfork(NULL, NULL, NULL);
  pthread_exit(NULL);

  return 0;
}

Determining if the function pthread_create exists in the pthreads failed with the following output:
Change Dir: /home/zhjd/ws/src/social_system/need_module/cmake-build-debug/CMakeFiles/CMakeTmp

Run Build Command(s):/usr/bin/make -f Makefile cmTC_ce3c5/fast && /usr/bin/make  -f CMakeFiles/cmTC_ce3c5.dir/build.make CMakeFiles/cmTC_ce3c5.dir/build
make[1]: Entering directory '/home/zhjd/ws/src/social_system/need_module/cmake-build-debug/CMakeFiles/CMakeTmp'
Building C object CMakeFiles/cmTC_ce3c5.dir/CheckFunctionExists.c.o
/usr/bin/cc   -DCHECK_FUNCTION_EXISTS=pthread_create -o CMakeFiles/cmTC_ce3c5.dir/CheckFunctionExists.c.o -c /media/zhjd/disk/Downloads/clion/clion-2021.2.3/bin/cmake/linux/share/cmake-3.20/Modules/CheckFunctionExists.c
Linking C executable cmTC_ce3c5
/media/zhjd/disk/Downloads/clion/clion-2021.2.3/bin/cmake/linux/bin/cmake -E cmake_link_script CMakeFiles/cmTC_ce3c5.dir/link.txt --verbose=1
/usr/bin/cc  -DCHECK_FUNCTION_EXISTS=pthread_create -rdynamic CMakeFiles/cmTC_ce3c5.dir/CheckFunctionExists.c.o -o cmTC_ce3c5  -lpthreads 
/usr/bin/ld: cannot find -lpthreads
collect2: error: ld returned 1 exit status
CMakeFiles/cmTC_ce3c5.dir/build.make:98: recipe for target 'cmTC_ce3c5' failed
make[1]: *** [cmTC_ce3c5] Error 1
make[1]: Leaving directory '/home/zhjd/ws/src/social_system/need_module/cmake-build-debug/CMakeFiles/CMakeTmp'
Makefile:127: recipe for target 'cmTC_ce3c5/fast' failed
make: *** [cmTC_ce3c5/fast] Error 2



